[2025-03-24 18:53:25,988]: INFO: main: Welcome to our custome logging datascience]
[2025-03-25 21:08:05,290]: INFO: common: yaml file: config\config.yaml loaded successfully]
[2025-03-25 21:08:05,296]: INFO: common: yaml file: params.yaml loaded successfully]
[2025-03-25 21:08:05,297]: INFO: common: yaml file: schema.yaml loaded successfully]
[2025-03-25 21:08:05,298]: INFO: common: created directory at: artifcats]
[2025-03-25 21:08:05,299]: INFO: common: created directory at: artifacts/data_ingestion]
[2025-03-25 21:08:06,155]: INFO: 2060701016: artifacts/data_ingestion/data.zip download! with following info: 
Connection: close
Content-Length: 23329
Cache-Control: max-age=300
Content-Security-Policy: default-src 'none'; style-src 'unsafe-inline'; sandbox
Content-Type: application/zip
ETag: "c69888a4ae59bc5a893392785a938ccd4937981c06ba8a9d6a21aa52b4ab5b6e"
Strict-Transport-Security: max-age=31536000
X-Content-Type-Options: nosniff
X-Frame-Options: deny
X-XSS-Protection: 1; mode=block
X-GitHub-Request-Id: 4BBD:2C6048:227446:268CB9:67E30D25
Accept-Ranges: bytes
Date: Tue, 25 Mar 2025 20:08:05 GMT
Via: 1.1 varnish
X-Served-By: cache-mad2200098-MAD
X-Cache: MISS
X-Cache-Hits: 0
X-Timer: S1742933286.653291,VS0,VE274
Vary: Authorization,Accept-Encoding,Origin
Access-Control-Allow-Origin: *
Cross-Origin-Resource-Policy: cross-origin
X-Fastly-Request-ID: 5a54edbbcc30dc318f483f55d8a093199f4391f5
Expires: Tue, 25 Mar 2025 20:13:05 GMT
Source-Age: 0

]
[2025-03-25 21:09:13,252]: INFO: common: yaml file: config\config.yaml loaded successfully]
[2025-03-25 21:09:13,252]: INFO: common: yaml file: params.yaml loaded successfully]
[2025-03-25 21:09:13,252]: INFO: common: yaml file: schema.yaml loaded successfully]
[2025-03-25 21:09:13,252]: INFO: common: created directory at: artifacts]
[2025-03-25 21:09:13,252]: INFO: common: created directory at: artifacts/data_ingestion]
[2025-03-25 21:09:13,252]: INFO: 2060701016: File already exists]
[2025-03-26 20:16:30,157]: INFO: main: >>>> stage Data Ingestion Stage started <<<<]
[2025-03-26 20:16:30,157]: INFO: main: >>>> stage Data Ingestion Stage completed <<<<]
[2025-03-26 20:36:53,504]: INFO: common: yaml file: config\config.yaml loaded successfully]
[2025-03-26 20:36:53,505]: INFO: common: yaml file: params.yaml loaded successfully]
[2025-03-26 20:36:53,508]: INFO: common: yaml file: schema.yaml loaded successfully]
[2025-03-26 20:36:53,509]: INFO: common: created directory at: artifacts]
[2025-03-26 20:36:53,509]: INFO: common: created directory at: artifacts/data_validation]
[2025-03-26 20:48:59,965]: INFO: main: >>>> stage Data Ingestion Stage started <<<<]
[2025-03-26 20:48:59,965]: INFO: main: >>>> stage Data Ingestion Stage completed <<<<]
[2025-03-26 20:48:59,965]: INFO: main: >>>> stage Data Validation Stage started <<<<]
[2025-03-26 20:48:59,966]: INFO: main: >>>> stage Data Validation Stage completed <<<<]
[2025-03-26 20:49:09,540]: INFO: main: >>>> stage Data Ingestion Stage started <<<<]
[2025-03-26 20:49:09,540]: INFO: main: >>>> stage Data Ingestion Stage completed <<<<]
[2025-03-26 20:49:09,540]: INFO: main: >>>> stage Data Validation Stage started <<<<]
[2025-03-26 20:49:09,540]: INFO: main: >>>> stage Data Validation Stage completed <<<<]
[2025-03-26 20:49:33,289]: INFO: main: >>>> stage Data Ingestion Stage started <<<<]
[2025-03-26 20:49:33,291]: INFO: common: yaml file: config\config.yaml loaded successfully]
[2025-03-26 20:49:33,291]: INFO: common: yaml file: params.yaml loaded successfully]
[2025-03-26 20:49:33,292]: INFO: common: yaml file: schema.yaml loaded successfully]
[2025-03-26 20:49:33,293]: INFO: common: created directory at: artifacts]
[2025-03-26 20:49:33,293]: INFO: common: created directory at: artifacts/data_ingestion]
[2025-03-26 20:49:33,293]: INFO: data_ingestion: File already exists]
[2025-03-26 20:49:33,303]: INFO: main: >>>> stage Data Ingestion Stage completed <<<<]
[2025-03-26 20:49:33,303]: INFO: main: >>>> stage Data Validation Stage started <<<<]
[2025-03-26 20:49:33,304]: INFO: common: yaml file: config\config.yaml loaded successfully]
[2025-03-26 20:49:33,304]: INFO: common: yaml file: params.yaml loaded successfully]
[2025-03-26 20:49:33,306]: INFO: common: yaml file: schema.yaml loaded successfully]
[2025-03-26 20:49:33,306]: INFO: common: created directory at: artifacts]
[2025-03-26 20:49:33,306]: INFO: common: created directory at: artifacts/data_validation]
[2025-03-26 20:49:33,318]: INFO: main: >>>> stage Data Validation Stage completed <<<<]
[2025-03-27 19:16:59,981]: INFO: common: yaml file: config\config.yaml loaded successfully]
[2025-03-27 19:16:59,988]: INFO: common: yaml file: params.yaml loaded successfully]
[2025-03-27 19:16:59,994]: INFO: common: yaml file: schema.yaml loaded successfully]
[2025-03-27 19:16:59,995]: INFO: common: created directory at: artifacts]
[2025-03-27 19:16:59,996]: INFO: common: created directory at: artifacts/data_transformation]
[2025-03-27 19:17:42,706]: INFO: common: yaml file: config\config.yaml loaded successfully]
[2025-03-27 19:17:42,707]: INFO: common: yaml file: params.yaml loaded successfully]
[2025-03-27 19:17:42,709]: INFO: common: yaml file: schema.yaml loaded successfully]
[2025-03-27 19:17:42,709]: INFO: common: created directory at: artifacts]
[2025-03-27 19:17:42,710]: INFO: common: created directory at: artifacts/data_transformation]
[2025-03-27 19:20:43,684]: INFO: common: yaml file: config\config.yaml loaded successfully]
[2025-03-27 19:20:43,685]: INFO: common: yaml file: params.yaml loaded successfully]
[2025-03-27 19:20:43,686]: INFO: common: yaml file: schema.yaml loaded successfully]
[2025-03-27 19:20:43,687]: INFO: common: created directory at: artifacts]
[2025-03-27 19:20:43,687]: INFO: common: created directory at: artifacts/data_transformation]
[2025-03-27 19:21:21,351]: INFO: common: yaml file: config\config.yaml loaded successfully]
[2025-03-27 19:21:21,352]: INFO: common: yaml file: params.yaml loaded successfully]
[2025-03-27 19:21:21,353]: INFO: common: yaml file: schema.yaml loaded successfully]
[2025-03-27 19:21:21,354]: INFO: common: created directory at: artifacts]
[2025-03-27 19:21:21,355]: INFO: common: created directory at: artifacts/data_transformation]
[2025-03-27 19:21:34,226]: INFO: common: yaml file: config\config.yaml loaded successfully]
[2025-03-27 19:21:34,227]: INFO: common: yaml file: params.yaml loaded successfully]
[2025-03-27 19:21:34,228]: INFO: common: yaml file: schema.yaml loaded successfully]
[2025-03-27 19:21:34,229]: INFO: common: created directory at: artifacts]
[2025-03-27 19:21:34,229]: INFO: common: created directory at: artifacts/data_transformation]
[2025-03-27 19:22:55,429]: INFO: common: yaml file: config\config.yaml loaded successfully]
[2025-03-27 19:22:55,430]: INFO: common: yaml file: params.yaml loaded successfully]
[2025-03-27 19:22:55,431]: INFO: common: yaml file: schema.yaml loaded successfully]
[2025-03-27 19:22:55,432]: INFO: common: created directory at: artifacts]
[2025-03-27 19:22:55,433]: INFO: common: created directory at: artifacts/data_transformation]
[2025-03-27 19:22:55,455]: INFO: 2125146491: Splited data into training and test sets]
[2025-03-27 19:22:55,456]: INFO: 2125146491: (1199, 12)]
[2025-03-27 19:22:55,456]: INFO: 2125146491: (400, 12)]
[2025-03-27 19:29:39,760]: INFO: main: >>>> stage Data Ingestion Stage started <<<<]
[2025-03-27 19:29:39,761]: INFO: common: yaml file: config\config.yaml loaded successfully]
[2025-03-27 19:29:39,762]: INFO: common: yaml file: params.yaml loaded successfully]
[2025-03-27 19:29:39,763]: INFO: common: yaml file: schema.yaml loaded successfully]
[2025-03-27 19:29:39,763]: INFO: common: created directory at: artifacts]
[2025-03-27 19:29:39,763]: INFO: common: created directory at: artifacts/data_ingestion]
[2025-03-27 19:29:39,763]: INFO: data_ingestion: File already exists]
[2025-03-27 19:29:39,773]: INFO: main: >>>> stage Data Ingestion Stage completed <<<<]
[2025-03-27 19:29:39,773]: INFO: main: >>>> stage Data Validation Stage started <<<<]
[2025-03-27 19:29:39,774]: INFO: common: yaml file: config\config.yaml loaded successfully]
[2025-03-27 19:29:39,775]: INFO: common: yaml file: params.yaml loaded successfully]
[2025-03-27 19:29:39,775]: INFO: common: yaml file: schema.yaml loaded successfully]
[2025-03-27 19:29:39,775]: INFO: common: created directory at: artifacts]
[2025-03-27 19:29:39,777]: INFO: common: created directory at: artifacts/data_validation]
[2025-03-27 19:29:39,787]: INFO: main: >>>> stage Data Validation Stage completed <<<<]
[2025-03-27 19:29:39,787]: INFO: main: >>>> stage Data Transformation Stage started <<<<]
[2025-03-27 19:29:39,787]: INFO: main: >>>> stage Data Transformation Stage completed <<<<]
[2025-03-27 19:29:55,977]: INFO: main: >>>> stage Data Ingestion Stage started <<<<]
[2025-03-27 19:29:55,979]: INFO: common: yaml file: config\config.yaml loaded successfully]
[2025-03-27 19:29:55,979]: INFO: common: yaml file: params.yaml loaded successfully]
[2025-03-27 19:29:55,980]: INFO: common: yaml file: schema.yaml loaded successfully]
[2025-03-27 19:29:55,981]: INFO: common: created directory at: artifacts]
[2025-03-27 19:29:55,981]: INFO: common: created directory at: artifacts/data_ingestion]
[2025-03-27 19:29:55,981]: INFO: data_ingestion: File already exists]
[2025-03-27 19:29:55,983]: INFO: main: >>>> stage Data Ingestion Stage completed <<<<]
[2025-03-27 19:29:55,983]: INFO: main: >>>> stage Data Validation Stage started <<<<]
[2025-03-27 19:29:55,984]: INFO: common: yaml file: config\config.yaml loaded successfully]
[2025-03-27 19:29:55,985]: INFO: common: yaml file: params.yaml loaded successfully]
[2025-03-27 19:29:55,986]: INFO: common: yaml file: schema.yaml loaded successfully]
[2025-03-27 19:29:55,986]: INFO: common: created directory at: artifacts]
[2025-03-27 19:29:55,986]: INFO: common: created directory at: artifacts/data_validation]
[2025-03-27 19:29:55,999]: INFO: main: >>>> stage Data Validation Stage completed <<<<]
[2025-03-27 19:29:55,999]: INFO: main: >>>> stage Data Transformation Stage started <<<<]
[2025-03-27 19:29:56,001]: INFO: common: yaml file: config\config.yaml loaded successfully]
[2025-03-27 19:29:56,001]: INFO: common: yaml file: params.yaml loaded successfully]
[2025-03-27 19:29:56,002]: INFO: common: yaml file: schema.yaml loaded successfully]
[2025-03-27 19:29:56,002]: INFO: common: created directory at: artifacts]
[2025-03-27 19:29:56,003]: INFO: common: created directory at: artifacts/data_transformation]
[2025-03-27 19:29:56,014]: INFO: data_transformation: Splited data into training and test sets]
[2025-03-27 19:29:56,014]: INFO: data_transformation: (1199, 12)]
[2025-03-27 19:29:56,014]: INFO: data_transformation: (400, 12)]
[2025-03-27 19:29:56,015]: INFO: main: >>>> stage Data Transformation Stage completed <<<<]
[2025-03-27 19:35:29,701]: INFO: main: >>>> stage Data Ingestion Stage started <<<<]
[2025-03-27 19:35:29,702]: INFO: common: yaml file: config\config.yaml loaded successfully]
[2025-03-27 19:35:29,703]: INFO: common: yaml file: params.yaml loaded successfully]
[2025-03-27 19:35:29,704]: INFO: common: yaml file: schema.yaml loaded successfully]
[2025-03-27 19:35:29,704]: INFO: common: created directory at: artifacts]
[2025-03-27 19:35:29,704]: INFO: common: created directory at: artifacts/data_ingestion]
[2025-03-27 19:35:29,704]: INFO: data_ingestion: File already exists]
[2025-03-27 19:35:29,706]: INFO: main: >>>> stage Data Ingestion Stage completed <<<<]
[2025-03-27 19:35:29,706]: INFO: main: >>>> stage Data Validation Stage started <<<<]
[2025-03-27 19:35:29,707]: INFO: common: yaml file: config\config.yaml loaded successfully]
[2025-03-27 19:35:29,707]: INFO: common: yaml file: params.yaml loaded successfully]
[2025-03-27 19:35:29,708]: INFO: common: yaml file: schema.yaml loaded successfully]
[2025-03-27 19:35:29,709]: INFO: common: created directory at: artifacts]
[2025-03-27 19:35:29,709]: INFO: common: created directory at: artifacts/data_validation]
[2025-03-27 19:35:29,720]: INFO: main: >>>> stage Data Validation Stage completed <<<<]
[2025-03-27 19:35:29,721]: INFO: main: >>>> stage Data Transformation Stage started <<<<]
[2025-03-27 19:35:29,726]: INFO: common: yaml file: config\config.yaml loaded successfully]
[2025-03-27 19:35:29,726]: INFO: common: yaml file: params.yaml loaded successfully]
[2025-03-27 19:35:29,727]: INFO: common: yaml file: schema.yaml loaded successfully]
[2025-03-27 19:35:29,727]: INFO: common: created directory at: artifacts]
[2025-03-27 19:35:29,728]: INFO: common: created directory at: artifacts/data_transformation]
[2025-03-27 19:35:29,739]: INFO: data_transformation: Splited data into training and test sets]
[2025-03-27 19:35:29,739]: INFO: data_transformation: (1199, 12)]
[2025-03-27 19:35:29,739]: INFO: data_transformation: (400, 12)]
[2025-03-27 19:35:29,739]: INFO: main: >>>> stage Data Transformation Stage completed <<<<]
[2025-03-27 19:50:40,113]: INFO: common: yaml file: config\config.yaml loaded successfully]
[2025-03-27 19:50:40,115]: INFO: common: yaml file: params.yaml loaded successfully]
[2025-03-27 19:50:40,117]: INFO: common: yaml file: schema.yaml loaded successfully]
[2025-03-27 19:50:40,118]: INFO: common: created directory at: artifacts]
[2025-03-27 19:50:40,119]: INFO: common: created directory at: artifacts/model_trainer]
[2025-03-27 19:50:58,360]: INFO: common: yaml file: config\config.yaml loaded successfully]
[2025-03-27 19:50:58,361]: INFO: common: yaml file: params.yaml loaded successfully]
[2025-03-27 19:50:58,363]: INFO: common: yaml file: schema.yaml loaded successfully]
[2025-03-27 19:50:58,363]: INFO: common: created directory at: artifacts]
[2025-03-27 19:50:58,364]: INFO: common: created directory at: artifacts/model_trainer]
[2025-03-27 19:57:26,031]: INFO: main: >>>> stage Data Ingestion Stage started <<<<]
[2025-03-27 19:57:26,032]: INFO: common: yaml file: config\config.yaml loaded successfully]
[2025-03-27 19:57:26,033]: INFO: common: yaml file: params.yaml loaded successfully]
[2025-03-27 19:57:26,034]: INFO: common: yaml file: schema.yaml loaded successfully]
[2025-03-27 19:57:26,034]: INFO: common: created directory at: artifacts]
[2025-03-27 19:57:26,034]: INFO: common: created directory at: artifacts/data_ingestion]
[2025-03-27 19:57:26,034]: INFO: data_ingestion: File already exists]
[2025-03-27 19:57:26,035]: INFO: main: >>>> stage Data Ingestion Stage completed <<<<]
[2025-03-27 19:57:26,036]: INFO: main: >>>> stage Data Validation Stage started <<<<]
[2025-03-27 19:57:26,037]: INFO: common: yaml file: config\config.yaml loaded successfully]
[2025-03-27 19:57:26,037]: INFO: common: yaml file: params.yaml loaded successfully]
[2025-03-27 19:57:26,038]: INFO: common: yaml file: schema.yaml loaded successfully]
[2025-03-27 19:57:26,038]: INFO: common: created directory at: artifacts]
[2025-03-27 19:57:26,038]: INFO: common: created directory at: artifacts/data_validation]
[2025-03-27 19:57:26,049]: INFO: main: >>>> stage Data Validation Stage completed <<<<]
[2025-03-27 19:57:26,049]: INFO: main: >>>> stage Data Transformation Stage started <<<<]
[2025-03-27 19:57:26,051]: INFO: common: yaml file: config\config.yaml loaded successfully]
[2025-03-27 19:57:26,051]: INFO: common: yaml file: params.yaml loaded successfully]
[2025-03-27 19:57:26,052]: INFO: common: yaml file: schema.yaml loaded successfully]
[2025-03-27 19:57:26,052]: INFO: common: created directory at: artifacts]
[2025-03-27 19:57:26,053]: INFO: common: created directory at: artifacts/data_transformation]
[2025-03-27 19:57:26,064]: INFO: data_transformation: Splited data into training and test sets]
[2025-03-27 19:57:26,064]: INFO: data_transformation: (1199, 12)]
[2025-03-27 19:57:26,064]: INFO: data_transformation: (400, 12)]
[2025-03-27 19:57:26,064]: INFO: main: >>>> stage Data Transformation Stage completed <<<<]
[2025-03-27 19:57:26,064]: INFO: main: >>>> stage Model Training Stage started <<<<]
[2025-03-27 19:57:26,064]: INFO: main: >>>> stage Model Training Stage completed <<<<]
[2025-03-27 19:58:16,038]: INFO: main: >>>> stage Data Ingestion Stage started <<<<]
[2025-03-27 19:58:16,040]: INFO: common: yaml file: config\config.yaml loaded successfully]
[2025-03-27 19:58:16,041]: INFO: common: yaml file: params.yaml loaded successfully]
[2025-03-27 19:58:16,042]: INFO: common: yaml file: schema.yaml loaded successfully]
[2025-03-27 19:58:16,042]: INFO: common: created directory at: artifacts]
[2025-03-27 19:58:16,042]: INFO: common: created directory at: artifacts/data_ingestion]
[2025-03-27 19:58:16,042]: INFO: data_ingestion: File already exists]
[2025-03-27 19:58:16,044]: INFO: main: >>>> stage Data Ingestion Stage completed <<<<]
[2025-03-27 19:58:16,044]: INFO: main: >>>> stage Data Validation Stage started <<<<]
[2025-03-27 19:58:16,045]: INFO: common: yaml file: config\config.yaml loaded successfully]
[2025-03-27 19:58:16,045]: INFO: common: yaml file: params.yaml loaded successfully]
[2025-03-27 19:58:16,046]: INFO: common: yaml file: schema.yaml loaded successfully]
[2025-03-27 19:58:16,046]: INFO: common: created directory at: artifacts]
[2025-03-27 19:58:16,047]: INFO: common: created directory at: artifacts/data_validation]
[2025-03-27 19:58:16,058]: INFO: main: >>>> stage Data Validation Stage completed <<<<]
[2025-03-27 19:58:16,058]: INFO: main: >>>> stage Data Transformation Stage started <<<<]
[2025-03-27 19:58:16,059]: INFO: common: yaml file: config\config.yaml loaded successfully]
[2025-03-27 19:58:16,060]: INFO: common: yaml file: params.yaml loaded successfully]
[2025-03-27 19:58:16,061]: INFO: common: yaml file: schema.yaml loaded successfully]
[2025-03-27 19:58:16,061]: INFO: common: created directory at: artifacts]
[2025-03-27 19:58:16,061]: INFO: common: created directory at: artifacts/data_transformation]
[2025-03-27 19:58:16,070]: INFO: data_transformation: Splited data into training and test sets]
[2025-03-27 19:58:16,070]: INFO: data_transformation: (1199, 12)]
[2025-03-27 19:58:16,071]: INFO: data_transformation: (400, 12)]
[2025-03-27 19:58:16,071]: INFO: main: >>>> stage Data Transformation Stage completed <<<<]
[2025-03-27 19:58:16,071]: INFO: main: >>>> stage Model Training Stage started <<<<]
[2025-03-27 19:58:16,072]: INFO: common: yaml file: config\config.yaml loaded successfully]
[2025-03-27 19:58:16,073]: INFO: common: yaml file: params.yaml loaded successfully]
[2025-03-27 19:58:16,074]: INFO: common: yaml file: schema.yaml loaded successfully]
[2025-03-27 19:58:16,074]: INFO: common: created directory at: artifacts]
[2025-03-27 19:58:16,075]: INFO: common: created directory at: artifacts/model_trainer]
[2025-03-27 19:58:16,092]: INFO: main: >>>> stage Model Training Stage completed <<<<]
